Traceback (most recent call last):
  File ".\main.py", line 30, in main
    app.run()
  File "C:\Diplom\kivy\lib\site-packages\kivy\app.py", line 950, in run
    runTouchApp()
  File "C:\Diplom\kivy\lib\site-packages\kivy\base.py", line 560, in runTouchApp
    EventLoop.mainloop()
  File "C:\Diplom\kivy\lib\site-packages\kivy\base.py", line 334, in mainloop
    self.idle()
  File "C:\Diplom\kivy\lib\site-packages\kivy\base.py", line 378, in idle
    self.dispatch_input()
  File "C:\Diplom\kivy\lib\site-packages\kivy\base.py", line 329, in dispatch_input
    post_dispatch_input(*pop(0))
  File "C:\Diplom\kivy\lib\site-packages\kivy\base.py", line 235, in post_dispatch_input
    listener.dispatch('on_motion', etype, me)
  File "kivy\_event.pyx", line 709, in kivy._event.EventDispatcher.dispatch
  File "C:\Diplom\kivy\lib\site-packages\kivy\core\window\__init__.py", line 1411, in on_motion
    self.dispatch('on_touch_up', me)
  File "kivy\_event.pyx", line 709, in kivy._event.EventDispatcher.dispatch
  File "C:\Diplom\kivy\lib\site-packages\kivy\core\window\__init__.py", line 1447, in on_touch_up
    if w.dispatch('on_touch_up', touch):
  File "kivy\_event.pyx", line 709, in kivy._event.EventDispatcher.dispatch
  File "C:\Diplom\kivy\lib\site-packages\kivy\uix\modalview.py", line 282, in on_touch_up
    super(ModalView, self).on_touch_up(touch)
  File "C:\Diplom\kivy\lib\site-packages\kivy\uix\widget.py", line 567, in on_touch_up
    if child.dispatch('on_touch_up', touch):
  File "kivy\_event.pyx", line 709, in kivy._event.EventDispatcher.dispatch
  File "C:\Diplom\kivy\lib\site-packages\kivy\uix\behaviors\button.py", line 163, in on_touch_up
    return super(ButtonBehavior, self).on_touch_up(touch)
  File "C:\Diplom\kivy\lib\site-packages\kivy\uix\widget.py", line 567, in on_touch_up
    if child.dispatch('on_touch_up', touch):
  File "kivy\_event.pyx", line 709, in kivy._event.EventDispatcher.dispatch
  File "C:\Diplom\kivy\lib\site-packages\kivy\uix\widget.py", line 567, in on_touch_up
    if child.dispatch('on_touch_up', touch):
  File "kivy\_event.pyx", line 709, in kivy._event.EventDispatcher.dispatch
  File "C:\Diplom\kivy\lib\site-packages\kivy\uix\scrollview.py", line 896, in on_touch_up
    if self.dispatch('on_scroll_stop', touch):
  File "kivy\_event.pyx", line 709, in kivy._event.EventDispatcher.dispatch
  File "C:\Diplom\kivy\lib\site-packages\kivy\uix\scrollview.py", line 935, in on_scroll_stop
    self.simulate_touch_down(touch)
  File "C:\Diplom\kivy\lib\site-packages\kivy\uix\scrollview.py", line 643, in simulate_touch_down
    ret = super(ScrollView, self).on_touch_down(touch)
  File "C:\Diplom\kivy\lib\site-packages\kivy\uix\widget.py", line 545, in on_touch_down
    if child.dispatch('on_touch_down', touch):
  File "kivy\_event.pyx", line 709, in kivy._event.EventDispatcher.dispatch
  File "C:\Diplom\kivy\lib\site-packages\kivy\uix\widget.py", line 545, in on_touch_down
    if child.dispatch('on_touch_down', touch):
  File "kivy\_event.pyx", line 709, in kivy._event.EventDispatcher.dispatch
  File "C:\Diplom\kivy\lib\site-packages\kivymd\uix\list.py", line 807, in on_touch_down
    if self.propagate_touch_to_touchable_widgets(touch, "down"):
  File "C:\Diplom\kivy\lib\site-packages\kivymd\uix\list.py", line 827, in propagate_touch_to_touchable_widgets
    i.on_touch_down(touch)
  File "C:\Diplom\kivy\lib\site-packages\kivymd\uix\behaviors\ripplebehavior.py", line 231, in on_touch_down
    return super().on_touch_down(touch)
  File "C:\Diplom\kivy\lib\site-packages\kivy\uix\behaviors\button.py", line 150, in on_touch_down
    self._do_press()
  File "C:\Diplom\kivy\lib\site-packages\kivy\uix\behaviors\togglebutton.py", line 118, in _do_press
    self.state = 'normal' if self.state == 'down' else 'down'
  File "kivy\properties.pyx", line 497, in kivy.properties.Property.__set__
  File "kivy\properties.pyx", line 544, in kivy.properties.Property.set
  File "kivy\properties.pyx", line 599, in kivy.properties.Property.dispatch
  File "kivy\_event.pyx", line 1248, in kivy._event.EventObservers.dispatch
  File "kivy\_event.pyx", line 1130, in kivy._event.EventObservers._dispatch
  File "C:\Diplom\kivy\lib\site-packages\kivy\lang\builder.py", line 57, in custom_callback
    exec(__kvlang__.co_value, idmap)
  File "<string>", line 23, in <module>
  File "C:\Diplom\Gllearn\gllearn.py", line 192, in select_locale
    self.lang = locale
  File "kivy\properties.pyx", line 497, in kivy.properties.Property.__set__
  File "kivy\properties.pyx", line 544, in kivy.properties.Property.set
  File "kivy\properties.pyx", line 599, in kivy.properties.Property.dispatch
  File "kivy\_event.pyx", line 1248, in kivy._event.EventObservers.dispatch
  File "kivy\_event.pyx", line 1154, in kivy._event.EventObservers._dispatch
  File "C:\Diplom\Gllearn\gllearn.py", line 252, in on_lang
    self.translation.switch_lang(lang)
  File "C:\Diplom\Gllearn\libs\translation.py", line 41, in switch_lang
    locales = gettext.translation(self.domian, self.resource_dir, languages=[lang])
  File "c:\users\gtr42\appdata\local\programs\python\python38\lib\gettext.py", line 588, in translation
    raise FileNotFoundError(ENOENT,
FileNotFoundError: [Errno 2] No translation file found for domain: 'Gllearn'
